<?xml version='1.0' encoding='UTF-8'?>
<testsuite hostname="MYNR90A2MZL" name="com.packt.chapter5.TestSpec" tests="1" errors="0" failures="0" skipped="0" time="0.048">
                     <properties>
[...]
</properties>
                     <testcase classname="com.packt.chapter5.TestSpec" name="Sum actor must send back sum of two integers" time="0.048">
                                                 
                                               </testcase>
                     <system-out><![CDATA[]]></system-out>
                     <system-err><![CDATA[]]></system-err>
                   </testsuite>